<?xml version="1.0" encoding="UTF-8"?>
<!-- Generated by org.testng.reporters.JUnitReportReporter -->
<testsuite name="com.freecrm.testcases.HomePageTest" tests="3" time="58.312" ignored="0" failures="0" timestamp="15 Jun 2018 20:53:38 GMT" skipped="0" hostname="Chintu" errors="0">
  <testcase name="verifyHomePageTitleTest" time="19.719" classname="com.freecrm.testcases.HomePageTest"/>
  <testcase name="verifyUserNameTest" time="17.431" classname="com.freecrm.testcases.HomePageTest"/>
  <testcase name="verifyContactsLinkTest" time="21.162" classname="com.freecrm.testcases.HomePageTest"/>
</testsuite> <!-- com.freecrm.testcases.HomePageTest -->
