<?xml version="1.0" encoding="UTF-8"?>
<!-- Generated by org.testng.reporters.JUnitReportReporter -->
<testsuite name="com.freecrm.testcases.ContactPageTest" tests="6" time="153.365" ignored="0" failures="0" timestamp="15 Jun 2018 20:53:38 GMT" skipped="0" hostname="Chintu" errors="0">
  <testcase name="verifyContactsPageLabel" time="29.046" classname="com.freecrm.testcases.ContactPageTest"/>
  <testcase name="validateCreateNewContact" time="25.074" classname="com.freecrm.testcases.ContactPageTest"/>
  <testcase name="selectMultipleContactsTest" time="21.359" classname="com.freecrm.testcases.ContactPageTest"/>
  <testcase name="validateCreateNewContact" time="26.279" classname="com.freecrm.testcases.ContactPageTest"/>
  <testcase name="selectSingleContactsTest" time="23.536" classname="com.freecrm.testcases.ContactPageTest"/>
  <testcase name="validateCreateNewContact" time="28.071" classname="com.freecrm.testcases.ContactPageTest"/>
</testsuite> <!-- com.freecrm.testcases.ContactPageTest -->
