<?xml version="1.0" encoding="UTF-8"?>
<!-- Generated by org.testng.reporters.JUnitReportReporter -->
<testsuite name="com.freecrm.testcases.LoginPageTest" tests="3" time="59.033" ignored="0" failures="0" timestamp="15 Jun 2018 21:09:52 GMT" skipped="0" hostname="Chintu" errors="0">
  <testcase name="LoginTest" time="34.468" classname="com.freecrm.testcases.LoginPageTest"/>
  <testcase name="image" time="13.839" classname="com.freecrm.testcases.LoginPageTest"/>
  <testcase name="validatetitle" time="10.726" classname="com.freecrm.testcases.LoginPageTest"/>
</testsuite> <!-- com.freecrm.testcases.LoginPageTest -->
